<?xml version="1.0" encoding="UTF-8"?>
<!-- Generated by org.testng.reporters.JUnitXMLReporter -->
<testsuite ignored="0" hostname="DESKTOP-GG31IJO" failures="0" tests="4" name="Default test" time="17.641" errors="0" timestamp="2021-03-21T07:33:41 IST">
  <testcase classname="com.PersonalSite.Test.HomePageTest" name="vertifyTitle" time="3.148"/>
  <testcase classname="com.PersonalSite.Test.HomePageTest" name="getAboutMeMessage" time="0.06"/>
  <testcase classname="com.PersonalSite.Test.HomePageTest" name="hoverProfileImage" time="0.612"/>
  <testcase classname="com.PersonalSite.Test.HomePageTest" name="verifyGithubIcon" time="0.156"/>
</testsuite> <!-- Default test -->
