<?xml version="1.0" encoding="UTF-8"?>
<!-- Generated by org.testng.reporters.JUnitXMLReporter -->
<testsuite ignored="0" hostname="PCIN457783" failures="0" tests="4" name="Default test" time="7.702" errors="0" timestamp="2021-03-14T18:05:43 IST">
  <testcase classname="com.PersonalSite.Test.HomePageTest" name="vertifyTitle" time="3.022"/>
  <testcase classname="com.PersonalSite.Test.HomePageTest" name="getAboutMeMessage" time="0.029"/>
  <testcase classname="com.PersonalSite.Test.HomePageTest" name="hoverProfileImage" time="0.486"/>
  <testcase classname="com.PersonalSite.Test.HomePageTest" name="verifyGithubIcon" time="0.076"/>
</testsuite> <!-- Default test -->
