<?xml version="1.0" encoding="UTF-8"?>
<testng-results ignored="0" total="4" passed="4" failed="0" skipped="0">
  <reporter-output>
  </reporter-output>
  <suite started-at="2021-03-14T18:05:35 IST" name="Default suite" finished-at="2021-03-14T18:05:43 IST" duration-ms="7702">
    <groups>
    </groups>
    <test started-at="2021-03-14T18:05:35 IST" name="Default test" finished-at="2021-03-14T18:05:43 IST" duration-ms="7702">
      <class name="com.PersonalSite.Test.HomePageTest">
        <test-method is-config="true" signature="setup()[pri:0, instance:com.PersonalSite.Test.HomePageTest@ba54932]" started-at="2021-03-14T18:05:35 IST" name="setup" finished-at="2021-03-14T18:05:39 IST" duration-ms="4056" status="PASS">
          <reporter-output>
          </reporter-output>
        </test-method> <!-- setup -->
        <test-method signature="vertifyTitle()[pri:1, instance:com.PersonalSite.Test.HomePageTest@ba54932]" started-at="2021-03-14T18:05:39 IST" name="vertifyTitle" finished-at="2021-03-14T18:05:42 IST" duration-ms="3022" status="PASS">
          <reporter-output>
          </reporter-output>
        </test-method> <!-- vertifyTitle -->
        <test-method signature="getAboutMeMessage()[pri:2, instance:com.PersonalSite.Test.HomePageTest@ba54932]" started-at="2021-03-14T18:05:42 IST" name="getAboutMeMessage" finished-at="2021-03-14T18:05:42 IST" duration-ms="29" status="PASS">
          <reporter-output>
          </reporter-output>
        </test-method> <!-- getAboutMeMessage -->
        <test-method signature="hoverProfileImage()[pri:3, instance:com.PersonalSite.Test.HomePageTest@ba54932]" started-at="2021-03-14T18:05:42 IST" name="hoverProfileImage" finished-at="2021-03-14T18:05:43 IST" duration-ms="486" status="PASS">
          <reporter-output>
          </reporter-output>
        </test-method> <!-- hoverProfileImage -->
        <test-method signature="verifyGithubIcon()[pri:4, instance:com.PersonalSite.Test.HomePageTest@ba54932]" started-at="2021-03-14T18:05:43 IST" name="verifyGithubIcon" finished-at="2021-03-14T18:05:43 IST" duration-ms="76" status="PASS">
          <reporter-output>
          </reporter-output>
        </test-method> <!-- verifyGithubIcon -->
      </class> <!-- com.PersonalSite.Test.HomePageTest -->
    </test> <!-- Default test -->
  </suite> <!-- Default suite -->
</testng-results>
