<?xml version="1.0" encoding="UTF-8"?>
<testng-results ignored="0" total="4" passed="4" failed="0" skipped="0">
  <reporter-output>
  </reporter-output>
  <suite started-at="2021-03-21T07:33:23 IST" name="Default suite" finished-at="2021-03-21T07:33:41 IST" duration-ms="17641">
    <groups>
    </groups>
    <test started-at="2021-03-21T07:33:23 IST" name="Default test" finished-at="2021-03-21T07:33:41 IST" duration-ms="17641">
      <class name="com.PersonalSite.Test.HomePageTest">
        <test-method is-config="true" signature="setup()[pri:0, instance:com.PersonalSite.Test.HomePageTest@46fa7c39]" started-at="2021-03-21T07:33:23 IST" name="setup" finished-at="2021-03-21T07:33:37 IST" duration-ms="13530" status="PASS">
          <reporter-output>
          </reporter-output>
        </test-method> <!-- setup -->
        <test-method signature="vertifyTitle()[pri:1, instance:com.PersonalSite.Test.HomePageTest@46fa7c39]" started-at="2021-03-21T07:33:37 IST" name="vertifyTitle" finished-at="2021-03-21T07:33:40 IST" duration-ms="3148" status="PASS">
          <reporter-output>
          </reporter-output>
        </test-method> <!-- vertifyTitle -->
        <test-method signature="getAboutMeMessage()[pri:2, instance:com.PersonalSite.Test.HomePageTest@46fa7c39]" started-at="2021-03-21T07:33:40 IST" name="getAboutMeMessage" finished-at="2021-03-21T07:33:40 IST" duration-ms="60" status="PASS">
          <reporter-output>
          </reporter-output>
        </test-method> <!-- getAboutMeMessage -->
        <test-method signature="hoverProfileImage()[pri:3, instance:com.PersonalSite.Test.HomePageTest@46fa7c39]" started-at="2021-03-21T07:33:40 IST" name="hoverProfileImage" finished-at="2021-03-21T07:33:41 IST" duration-ms="612" status="PASS">
          <reporter-output>
          </reporter-output>
        </test-method> <!-- hoverProfileImage -->
        <test-method signature="verifyGithubIcon()[pri:4, instance:com.PersonalSite.Test.HomePageTest@46fa7c39]" started-at="2021-03-21T07:33:41 IST" name="verifyGithubIcon" finished-at="2021-03-21T07:33:41 IST" duration-ms="156" status="PASS">
          <reporter-output>
          </reporter-output>
        </test-method> <!-- verifyGithubIcon -->
      </class> <!-- com.PersonalSite.Test.HomePageTest -->
    </test> <!-- Default test -->
  </suite> <!-- Default suite -->
</testng-results>
